<?xml version="1.0" encoding="UTF-8"?>
<!-- Generated by org.testng.reporters.JUnitReportReporter -->
<testsuite hostname="IN3068010W2" failures="0" tests="1" name="Framework.TestProject.Test01" time="0.012" errors="0" timestamp="2022-08-01T18:53:07 IST" skipped="0">
  <testcase classname="Framework.TestProject.Test01" name="f" time="0.012"/>
  <system-out/>
</testsuite> <!-- Framework.TestProject.Test01 -->
