<?xml version="1.0" encoding="UTF-8"?>
<!-- Generated by org.testng.reporters.JUnitReportReporter -->
<testsuite hostname="IN3068010W2" failures="0" tests="1" name="Framework.TestProject.TestCases" time="23.460" errors="0" timestamp="4 Aug 2022 13:54:38 GMT">
  <testcase classname="Framework.TestProject.TestCases" name="TC01" time="23.460"/>
</testsuite> <!-- Framework.TestProject.TestCases -->
